# JRE version: OpenJDK Runtime Environment (8.0_152-b01) (build 1.8.0_152-release-1248-b01)
# Java VM: OpenJDK 64-Bit Server VM (25.152-b01 mixed mode linux-amd64 compressed oops)
Heap:
 PSYoungGen      total 149504K, used 15278K [0x00000000e0000000, 0x00000000eaa00000, 0x0000000100000000)
  eden space 125440K, 0% used [0x00000000e0000000,0x00000000e0000000,0x00000000e7a80000)
  from space 24064K, 63% used [0x00000000e7a80000,0x00000000e896b820,0x00000000e9200000)
  to   space 24576K, 0% used [0x00000000e9200000,0x00000000e9200000,0x00000000eaa00000)
 ParOldGen       total 146432K, used 36276K [0x00000000a0000000, 0x00000000a8f00000, 0x00000000e0000000)
  object space 146432K, 24% used [0x00000000a0000000,0x00000000a236d1a0,0x00000000a8f00000)
 Metaspace       used 76057K, capacity 78434K, committed 78504K, reserved 1118208K
  class space    used 10066K, capacity 10602K, committed 10672K, reserved 1048576K
GC Heap History (10 events):
Event: 13.094 GC heap after
Heap after GC invocations=17 (full 2):
 PSYoungGen      total 104960K, used 16761K [0x00000000e0000000, 0x00000000e9700000, 0x0000000100000000)
  eden space 86528K, 0% used [0x00000000e0000000,0x00000000e0000000,0x00000000e5480000)
  from space 18432K, 90% used [0x00000000e5480000,0x00000000e64de5c8,0x00000000e6680000)
  to   space 20480K, 0% used [0x00000000e8300000,0x00000000e8300000,0x00000000e9700000)
 ParOldGen       total 104448K, used 20403K [0x00000000a0000000, 0x00000000a6600000, 0x00000000e0000000)
  object space 104448K, 19% used [0x00000000a0000000,0x00000000a13ecfd0,0x00000000a6600000)
 Metaspace       used 57607K, capacity 59010K, committed 59160K, reserved 1099776K
  class space    used 7864K, capacity 8268K, committed 8368K, reserved 1048576K
}
Event: 13.094 GC heap before
{Heap before GC invocations=18 (full 3):
 PSYoungGen      total 104960K, used 16761K [0x00000000e0000000, 0x00000000e9700000, 0x0000000100000000)
  eden space 86528K, 0% used [0x00000000e0000000,0x00000000e0000000,0x00000000e5480000)
  from space 18432K, 90% used [0x00000000e5480000,0x00000000e64de5c8,0x00000000e6680000)
  to   space 20480K, 0% used [0x00000000e8300000,0x00000000e8300000,0x00000000e9700000)
 ParOldGen       total 104448K, used 20403K [0x00000000a0000000, 0x00000000a6600000, 0x00000000e0000000)
  object space 104448K, 19% used [0x00000000a0000000,0x00000000a13ecfd0,0x00000000a6600000)
 Metaspace       used 57607K, capacity 59010K, committed 59160K, reserved 1099776K
  class space    used 7864K, capacity 8268K, committed 8368K, reserved 1048576K
Event: 13.273 GC heap after
Heap after GC invocations=18 (full 3):
 PSYoungGen      total 104960K, used 0K [0x00000000e0000000, 0x00000000e9700000, 0x0000000100000000)
  eden space 86528K, 0% used [0x00000000e0000000,0x00000000e0000000,0x00000000e5480000)
  from space 18432K, 0% used [0x00000000e5480000,0x00000000e5480000,0x00000000e6680000)
  to   space 20480K, 0% used [0x00000000e8300000,0x00000000e8300000,0x00000000e9700000)
 ParOldGen       total 146432K, used 30703K [0x00000000a0000000, 0x00000000a8f00000, 0x00000000e0000000)
  object space 146432K, 20% used [0x00000000a0000000,0x00000000a1dfbef0,0x00000000a8f00000)
 Metaspace       used 57607K, capacity 59010K, committed 59160K, reserved 1099776K
  class space    used 7864K, capacity 8268K, committed 8368K, reserved 1048576K
}
Event: 16.852 GC heap before
{Heap before GC invocations=19 (full 3):
 PSYoungGen      total 104960K, used 86528K [0x00000000e0000000, 0x00000000e9700000, 0x0000000100000000)
  eden space 86528K, 100% used [0x00000000e0000000,0x00000000e5480000,0x00000000e5480000)
  from space 18432K, 0% used [0x00000000e5480000,0x00000000e5480000,0x00000000e6680000)
  to   space 20480K, 0% used [0x00000000e8300000,0x00000000e8300000,0x00000000e9700000)
 ParOldGen       total 146432K, used 30703K [0x00000000a0000000, 0x00000000a8f00000, 0x00000000e0000000)
  object space 146432K, 20% used [0x00000000a0000000,0x00000000a1dfbef0,0x00000000a8f00000)
 Metaspace       used 60705K, capacity 62214K, committed 62376K, reserved 1103872K
  class space    used 8201K, capacity 8608K, committed 8624K, reserved 1048576K
Event: 16.867 GC heap after
Heap after GC invocations=19 (full 3):
 PSYoungGen      total 119808K, used 4975K [0x00000000e0000000, 0x00000000e8f80000, 0x0000000100000000)
  eden space 107008K, 0% used [0x00000000e0000000,0x00000000e0000000,0x00000000e6880000)
  from space 12800K, 38% used [0x00000000e8300000,0x00000000e87dbd78,0x00000000e8f80000)
  to   space 19968K, 0% used [0x00000000e6880000,0x00000000e6880000,0x00000000e7c00000)
 ParOldGen       total 146432K, used 30711K [0x00000000a0000000, 0x00000000a8f00000, 0x00000000e0000000)
  object space 146432K, 20% used [0x00000000a0000000,0x00000000a1dfdef0,0x00000000a8f00000)
 Metaspace       used 60705K, capacity 62214K, committed 62376K, reserved 1103872K
  class space    used 8201K, capacity 8608K, committed 8624K, reserved 1048576K
}
Event: 19.001 GC heap before
{Heap before GC invocations=20 (full 3):
 PSYoungGen      total 119808K, used 111983K [0x00000000e0000000, 0x00000000e8f80000, 0x0000000100000000)
  eden space 107008K, 100% used [0x00000000e0000000,0x00000000e6880000,0x00000000e6880000)
  from space 12800K, 38% used [0x00000000e8300000,0x00000000e87dbd78,0x00000000e8f80000)
  to   space 19968K, 0% used [0x00000000e6880000,0x00000000e6880000,0x00000000e7c00000)
 ParOldGen       total 146432K, used 30711K [0x00000000a0000000, 0x00000000a8f00000, 0x00000000e0000000)
  object space 146432K, 20% used [0x00000000a0000000,0x00000000a1dfdef0,0x00000000a8f00000)
 Metaspace       used 70064K, capacity 71740K, committed 72104K, reserved 1112064K
  class space    used 9379K, capacity 9819K, committed 9904K, reserved 1048576K
Event: 19.039 GC heap after
Heap after GC invocations=20 (full 3):
 PSYoungGen      total 126976K, used 19937K [0x00000000e0000000, 0x00000000eaa80000, 0x0000000100000000)
  eden space 107008K, 0% used [0x00000000e0000000,0x00000000e0000000,0x00000000e6880000)
  from space 19968K, 99% used [0x00000000e6880000,0x00000000e7bf8790,0x00000000e7c00000)
  to   space 25088K, 0% used [0x00000000e9200000,0x00000000e9200000,0x00000000eaa80000)
 ParOldGen       total 146432K, used 36252K [0x00000000a0000000, 0x00000000a8f00000, 0x00000000e0000000)
  object space 146432K, 24% used [0x00000000a0000000,0x00000000a23671a0,0x00000000a8f00000)
 Metaspace       used 70064K, capacity 71740K, committed 72104K, reserved 1112064K
  class space    used 9379K, capacity 9819K, committed 9904K, reserved 1048576K
}
Event: 21.881 GC heap before
{Heap before GC invocations=21 (full 3):
 PSYoungGen      total 126976K, used 126945K [0x00000000e0000000, 0x00000000eaa80000, 0x0000000100000000)
  eden space 107008K, 100% used [0x00000000e0000000,0x00000000e6880000,0x00000000e6880000)
  from space 19968K, 99% used [0x00000000e6880000,0x00000000e7bf8790,0x00000000e7c00000)
  to   space 25088K, 0% used [0x00000000e9200000,0x00000000e9200000,0x00000000eaa80000)
 ParOldGen       total 146432K, used 36252K [0x00000000a0000000, 0x00000000a8f00000, 0x00000000e0000000)
  object space 146432K, 24% used [0x00000000a0000000,0x00000000a23671a0,0x00000000a8f00000)
 Metaspace       used 75682K, capacity 78106K, committed 78248K, reserved 1116160K
  class space    used 10047K, capacity 10568K, committed 10672K, reserved 1048576K
Event: 21.984 GC heap after
Heap after GC invocations=21 (full 3):
 PSYoungGen      total 150016K, used 11963K [0x00000000e0000000, 0x00000000eaa00000, 0x0000000100000000)
  eden space 125440K, 0% used [0x00000000e0000000,0x00000000e0000000,0x00000000e7a80000)
  from space 24576K, 48% used [0x00000000e9200000,0x00000000e9daec10,0x00000000eaa00000)
  to   space 24064K, 0% used [0x00000000e7a80000,0x00000000e7a80000,0x00000000e9200000)
 ParOldGen       total 146432K, used 36268K [0x00000000a0000000, 0x00000000a8f00000, 0x00000000e0000000)
  object space 146432K, 24% used [0x00000000a0000000,0x00000000a236b1a0,0x00000000a8f00000)
 Metaspace       used 75682K, capacity 78106K, committed 78248K, reserved 1116160K
  class space    used 10047K, capacity 10568K, committed 10672K, reserved 1048576K
}
Event: 28.607 GC heap before
{Heap before GC invocations=22 (full 3):
 PSYoungGen      total 150016K, used 137403K [0x00000000e0000000, 0x00000000eaa00000, 0x0000000100000000)
  eden space 125440K, 100% used [0x00000000e0000000,0x00000000e7a80000,0x00000000e7a80000)
  from space 24576K, 48% used [0x00000000e9200000,0x00000000e9daec10,0x00000000eaa00000)
  to   space 24064K, 0% used [0x00000000e7a80000,0x00000000e7a80000,0x00000000e9200000)
 ParOldGen       total 146432K, used 36268K [0x00000000a0000000, 0x00000000a8f00000, 0x00000000e0000000)
  object space 146432K, 24% used [0x00000000a0000000,0x00000000a236b1a0,0x00000000a8f00000)
 Metaspace       used 76057K, capacity 78434K, committed 78504K, reserved 1118208K
  class space    used 10066K, capacity 10602K, committed 10672K, reserved 1048576K

