# JRE version: OpenJDK Runtime Environment (8.0_152-b01) (build 1.8.0_152-release-1248-b01)
# Java VM: OpenJDK 64-Bit Server VM (25.152-b01 mixed mode linux-amd64 compressed oops)
Heap:
 PSYoungGen      total 393216K, used 19000K [0x00000000e0000000, 0x00000000f9b80000, 0x0000000100000000)
  eden space 369152K, 0% used [0x00000000e0000000,0x00000000e0000000,0x00000000f6880000)
  from space 24064K, 78% used [0x00000000f6880000,0x00000000f7b0e260,0x00000000f8000000)
  to   space 23040K, 0% used [0x00000000f8000000,0x00000000f8000000,0x00000000f9680000)
 ParOldGen       total 111104K, used 31157K [0x00000000a0000000, 0x00000000a6c80000, 0x00000000e0000000)
  object space 111104K, 28% used [0x00000000a0000000,0x00000000a1e6d688,0x00000000a6c80000)
 Metaspace       used 70441K, capacity 72718K, committed 72880K, reserved 1112064K
  class space    used 9296K, capacity 9897K, committed 9904K, reserved 1048576K
GC Heap History (10 events):
Event: 17.483 GC heap after
Heap after GC invocations=7 (full 1):
 PSYoungGen      total 231424K, used 9879K [0x00000000e0000000, 0x00000000ef680000, 0x0000000100000000)
  eden space 221184K, 0% used [0x00000000e0000000,0x00000000e0000000,0x00000000ed800000)
  from space 10240K, 96% used [0x00000000eec80000,0x00000000ef625db0,0x00000000ef680000)
  to   space 15360K, 0% used [0x00000000ed880000,0x00000000ed880000,0x00000000ee780000)
 ParOldGen       total 56832K, used 17358K [0x00000000a0000000, 0x00000000a3780000, 0x00000000e0000000)
  object space 56832K, 30% used [0x00000000a0000000,0x00000000a10f3990,0x00000000a3780000)
 Metaspace       used 34754K, capacity 35398K, committed 35496K, reserved 1079296K
  class space    used 4870K, capacity 5109K, committed 5168K, reserved 1048576K
}
Event: 17.483 GC heap before
{Heap before GC invocations=8 (full 2):
 PSYoungGen      total 231424K, used 9879K [0x00000000e0000000, 0x00000000ef680000, 0x0000000100000000)
  eden space 221184K, 0% used [0x00000000e0000000,0x00000000e0000000,0x00000000ed800000)
  from space 10240K, 96% used [0x00000000eec80000,0x00000000ef625db0,0x00000000ef680000)
  to   space 15360K, 0% used [0x00000000ed880000,0x00000000ed880000,0x00000000ee780000)
 ParOldGen       total 56832K, used 17358K [0x00000000a0000000, 0x00000000a3780000, 0x00000000e0000000)
  object space 56832K, 30% used [0x00000000a0000000,0x00000000a10f3990,0x00000000a3780000)
 Metaspace       used 34754K, capacity 35398K, committed 35496K, reserved 1079296K
  class space    used 4870K, capacity 5109K, committed 5168K, reserved 1048576K
Event: 17.577 GC heap after
Heap after GC invocations=8 (full 2):
 PSYoungGen      total 231424K, used 0K [0x00000000e0000000, 0x00000000ef680000, 0x0000000100000000)
  eden space 221184K, 0% used [0x00000000e0000000,0x00000000e0000000,0x00000000ed800000)
  from space 10240K, 0% used [0x00000000eec80000,0x00000000eec80000,0x00000000ef680000)
  to   space 15360K, 0% used [0x00000000ed880000,0x00000000ed880000,0x00000000ee780000)
 ParOldGen       total 79360K, used 17536K [0x00000000a0000000, 0x00000000a4d80000, 0x00000000e0000000)
  object space 79360K, 22% used [0x00000000a0000000,0x00000000a1120080,0x00000000a4d80000)
 Metaspace       used 34754K, capacity 35398K, committed 35496K, reserved 1079296K
  class space    used 4870K, capacity 5109K, committed 5168K, reserved 1048576K
}
Event: 22.761 GC heap before
{Heap before GC invocations=9 (full 2):
 PSYoungGen      total 231424K, used 221184K [0x00000000e0000000, 0x00000000ef680000, 0x0000000100000000)
  eden space 221184K, 100% used [0x00000000e0000000,0x00000000ed800000,0x00000000ed800000)
  from space 10240K, 0% used [0x00000000eec80000,0x00000000eec80000,0x00000000ef680000)
  to   space 15360K, 0% used [0x00000000ed880000,0x00000000ed880000,0x00000000ee780000)
 ParOldGen       total 79360K, used 17536K [0x00000000a0000000, 0x00000000a4d80000, 0x00000000e0000000)
  object space 79360K, 22% used [0x00000000a0000000,0x00000000a1120080,0x00000000a4d80000)
 Metaspace       used 54037K, capacity 55288K, committed 55344K, reserved 1097728K
  class space    used 7346K, capacity 7709K, committed 7728K, reserved 1048576K
Event: 22.808 GC heap after
Heap after GC invocations=9 (full 2):
 PSYoungGen      total 237056K, used 15339K [0x00000000e0000000, 0x00000000f9680000, 0x0000000100000000)
  eden space 221696K, 0% used [0x00000000e0000000,0x00000000e0000000,0x00000000ed880000)
  from space 15360K, 99% used [0x00000000ed880000,0x00000000ee77ae78,0x00000000ee780000)
  to   space 23040K, 0% used [0x00000000f8000000,0x00000000f8000000,0x00000000f9680000)
 ParOldGen       total 79360K, used 28671K [0x00000000a0000000, 0x00000000a4d80000, 0x00000000e0000000)
  object space 79360K, 36% used [0x00000000a0000000,0x00000000a1bffcf0,0x00000000a4d80000)
 Metaspace       used 54037K, capacity 55288K, committed 55344K, reserved 1097728K
  class space    used 7346K, capacity 7709K, committed 7728K, reserved 1048576K
}
Event: 24.271 GC heap before
{Heap before GC invocations=10 (full 2):
 PSYoungGen      total 237056K, used 82431K [0x00000000e0000000, 0x00000000f9680000, 0x0000000100000000)
  eden space 221696K, 30% used [0x00000000e0000000,0x00000000e4185008,0x00000000ed880000)
  from space 15360K, 99% used [0x00000000ed880000,0x00000000ee77ae78,0x00000000ee780000)
  to   space 23040K, 0% used [0x00000000f8000000,0x00000000f8000000,0x00000000f9680000)
 ParOldGen       total 79360K, used 28671K [0x00000000a0000000, 0x00000000a4d80000, 0x00000000e0000000)
  object space 79360K, 36% used [0x00000000a0000000,0x00000000a1bffcf0,0x00000000a4d80000)
 Metaspace       used 57467K, capacity 59116K, committed 59160K, reserved 1099776K
  class space    used 7922K, capacity 8332K, committed 8368K, reserved 1048576K
Event: 24.308 GC heap after
Heap after GC invocations=10 (full 2):
 PSYoungGen      total 392192K, used 16443K [0x00000000e0000000, 0x00000000f9b80000, 0x0000000100000000)
  eden space 369152K, 0% used [0x00000000e0000000,0x00000000e0000000,0x00000000f6880000)
  from space 23040K, 71% used [0x00000000f8000000,0x00000000f900ed90,0x00000000f9680000)
  to   space 24064K, 0% used [0x00000000f6880000,0x00000000f6880000,0x00000000f8000000)
 ParOldGen       total 79360K, used 28679K [0x00000000a0000000, 0x00000000a4d80000, 0x00000000e0000000)
  object space 79360K, 36% used [0x00000000a0000000,0x00000000a1c01cf0,0x00000000a4d80000)
 Metaspace       used 57467K, capacity 59116K, committed 59160K, reserved 1099776K
  class space    used 7922K, capacity 8332K, committed 8368K, reserved 1048576K
}
Event: 24.308 GC heap before
{Heap before GC invocations=11 (full 3):
 PSYoungGen      total 392192K, used 16443K [0x00000000e0000000, 0x00000000f9b80000, 0x0000000100000000)
  eden space 369152K, 0% used [0x00000000e0000000,0x00000000e0000000,0x00000000f6880000)
  from space 23040K, 71% used [0x00000000f8000000,0x00000000f900ed90,0x00000000f9680000)
  to   space 24064K, 0% used [0x00000000f6880000,0x00000000f6880000,0x00000000f8000000)
 ParOldGen       total 79360K, used 28679K [0x00000000a0000000, 0x00000000a4d80000, 0x00000000e0000000)
  object space 79360K, 36% used [0x00000000a0000000,0x00000000a1c01cf0,0x00000000a4d80000)
 Metaspace       used 57467K, capacity 59116K, committed 59160K, reserved 1099776K
  class space    used 7922K, capacity 8332K, committed 8368K, reserved 1048576K
Event: 24.558 GC heap after
Heap after GC invocations=11 (full 3):
 PSYoungGen      total 392192K, used 0K [0x00000000e0000000, 0x00000000f9b80000, 0x0000000100000000)
  eden space 369152K, 0% used [0x00000000e0000000,0x00000000e0000000,0x00000000f6880000)
  from space 23040K, 0% used [0x00000000f8000000,0x00000000f8000000,0x00000000f9680000)
  to   space 24064K, 0% used [0x00000000f6880000,0x00000000f6880000,0x00000000f8000000)
 ParOldGen       total 111104K, used 31149K [0x00000000a0000000, 0x00000000a6c80000, 0x00000000e0000000)
  object space 111104K, 28% used [0x00000000a0000000,0x00000000a1e6b688,0x00000000a6c80000)
 Metaspace       used 57467K, capacity 59116K, committed 59160K, reserved 1099776K
  class space    used 7922K, capacity 8332K, committed 8368K, reserved 1048576K
}
Event: 231.564 GC heap before
{Heap before GC invocations=12 (full 3):
 PSYoungGen      total 392192K, used 369152K [0x00000000e0000000, 0x00000000f9b80000, 0x0000000100000000)
  eden space 369152K, 100% used [0x00000000e0000000,0x00000000f6880000,0x00000000f6880000)
  from space 23040K, 0% used [0x00000000f8000000,0x00000000f8000000,0x00000000f9680000)
  to   space 24064K, 0% used [0x00000000f6880000,0x00000000f6880000,0x00000000f8000000)
 ParOldGen       total 111104K, used 31149K [0x00000000a0000000, 0x00000000a6c80000, 0x00000000e0000000)
  object space 111104K, 28% used [0x00000000a0000000,0x00000000a1e6b688,0x00000000a6c80000)
 Metaspace       used 70441K, capacity 72718K, committed 72880K, reserved 1112064K
  class space    used 9296K, capacity 9897K, committed 9904K, reserved 1048576K

