# JRE version: OpenJDK Runtime Environment (8.0_152-b01) (build 1.8.0_152-release-1248-b01)
# Java VM: OpenJDK 64-Bit Server VM (25.152-b01 mixed mode linux-amd64 compressed oops)
Heap:
 PSYoungGen      total 273408K, used 20450K [0x00000000e0000000, 0x00000000f2180000, 0x0000000100000000)
  eden space 252928K, 0% used [0x00000000e0000000,0x00000000e0000000,0x00000000ef700000)
  from space 20480K, 99% used [0x00000000ef980000,0x00000000f0d78a68,0x00000000f0d80000)
  to   space 12800K, 0% used [0x00000000f1500000,0x00000000f1500000,0x00000000f2180000)
 ParOldGen       total 97792K, used 68747K [0x00000000a0000000, 0x00000000a5f80000, 0x00000000e0000000)
  object space 97792K, 70% used [0x00000000a0000000,0x00000000a4322e58,0x00000000a5f80000)
 Metaspace       used 92041K, capacity 94156K, committed 94504K, reserved 1132544K
  class space    used 11671K, capacity 12227K, committed 12336K, reserved 1048576K
GC Heap History (10 events):
Event: 20.132 GC heap after
Heap after GC invocations=11 (full 2):
 PSYoungGen      total 125440K, used 0K [0x00000000e0000000, 0x00000000ec400000, 0x0000000100000000)
  eden space 113664K, 0% used [0x00000000e0000000,0x00000000e0000000,0x00000000e6f00000)
  from space 11776K, 0% used [0x00000000e6f00000,0x00000000e6f00000,0x00000000e7a80000)
  to   space 11776K, 0% used [0x00000000eb880000,0x00000000eb880000,0x00000000ec400000)
 ParOldGen       total 66048K, used 15923K [0x00000000a0000000, 0x00000000a4080000, 0x00000000e0000000)
  object space 66048K, 24% used [0x00000000a0000000,0x00000000a0f8cdb0,0x00000000a4080000)
 Metaspace       used 34841K, capacity 35314K, committed 35496K, reserved 1079296K
  class space    used 4836K, capacity 5035K, committed 5040K, reserved 1048576K
}
Event: 23.757 GC heap before
{Heap before GC invocations=12 (full 2):
 PSYoungGen      total 125440K, used 113664K [0x00000000e0000000, 0x00000000ec400000, 0x0000000100000000)
  eden space 113664K, 100% used [0x00000000e0000000,0x00000000e6f00000,0x00000000e6f00000)
  from space 11776K, 0% used [0x00000000e6f00000,0x00000000e6f00000,0x00000000e7a80000)
  to   space 11776K, 0% used [0x00000000eb880000,0x00000000eb880000,0x00000000ec400000)
 ParOldGen       total 66048K, used 15923K [0x00000000a0000000, 0x00000000a4080000, 0x00000000e0000000)
  object space 66048K, 24% used [0x00000000a0000000,0x00000000a0f8cdb0,0x00000000a4080000)
 Metaspace       used 46347K, capacity 47092K, committed 47272K, reserved 1089536K
  class space    used 6305K, capacity 6559K, committed 6576K, reserved 1048576K
Event: 23.975 GC heap after
Heap after GC invocations=12 (full 2):
 PSYoungGen      total 184832K, used 11766K [0x00000000e0000000, 0x00000000ec600000, 0x0000000100000000)
  eden space 173056K, 0% used [0x00000000e0000000,0x00000000e0000000,0x00000000ea900000)
  from space 11776K, 99% used [0x00000000eb880000,0x00000000ec3fd878,0x00000000ec400000)
  to   space 14848K, 0% used [0x00000000ea900000,0x00000000ea900000,0x00000000eb780000)
 ParOldGen       total 66048K, used 20205K [0x00000000a0000000, 0x00000000a4080000, 0x00000000e0000000)
  object space 66048K, 30% used [0x00000000a0000000,0x00000000a13bb7a0,0x00000000a4080000)
 Metaspace       used 46347K, capacity 47092K, committed 47272K, reserved 1089536K
  class space    used 6305K, capacity 6559K, committed 6576K, reserved 1048576K
}
Event: 27.789 GC heap before
{Heap before GC invocations=13 (full 2):
 PSYoungGen      total 184832K, used 171096K [0x00000000e0000000, 0x00000000ec600000, 0x0000000100000000)
  eden space 173056K, 92% used [0x00000000e0000000,0x00000000e9b98b18,0x00000000ea900000)
  from space 11776K, 99% used [0x00000000eb880000,0x00000000ec3fd878,0x00000000ec400000)
  to   space 14848K, 0% used [0x00000000ea900000,0x00000000ea900000,0x00000000eb780000)
 ParOldGen       total 66048K, used 20205K [0x00000000a0000000, 0x00000000a4080000, 0x00000000e0000000)
  object space 66048K, 30% used [0x00000000a0000000,0x00000000a13bb7a0,0x00000000a4080000)
 Metaspace       used 57622K, capacity 59004K, committed 59160K, reserved 1099776K
  class space    used 7882K, capacity 8269K, committed 8368K, reserved 1048576K
Event: 28.048 GC heap after
Heap after GC invocations=13 (full 2):
 PSYoungGen      total 187904K, used 14824K [0x00000000e0000000, 0x00000000f2900000, 0x0000000100000000)
  eden space 173056K, 0% used [0x00000000e0000000,0x00000000e0000000,0x00000000ea900000)
  from space 14848K, 99% used [0x00000000ea900000,0x00000000eb77a000,0x00000000eb780000)
  to   space 20480K, 0% used [0x00000000f1500000,0x00000000f1500000,0x00000000f2900000)
 ParOldGen       total 66048K, used 30129K [0x00000000a0000000, 0x00000000a4080000, 0x00000000e0000000)
  object space 66048K, 45% used [0x00000000a0000000,0x00000000a1d6c738,0x00000000a4080000)
 Metaspace       used 57622K, capacity 59004K, committed 59160K, reserved 1099776K
  class space    used 7882K, capacity 8269K, committed 8368K, reserved 1048576K
}
Event: 28.048 GC heap before
{Heap before GC invocations=14 (full 3):
 PSYoungGen      total 187904K, used 14824K [0x00000000e0000000, 0x00000000f2900000, 0x0000000100000000)
  eden space 173056K, 0% used [0x00000000e0000000,0x00000000e0000000,0x00000000ea900000)
  from space 14848K, 99% used [0x00000000ea900000,0x00000000eb77a000,0x00000000eb780000)
  to   space 20480K, 0% used [0x00000000f1500000,0x00000000f1500000,0x00000000f2900000)
 ParOldGen       total 66048K, used 30129K [0x00000000a0000000, 0x00000000a4080000, 0x00000000e0000000)
  object space 66048K, 45% used [0x00000000a0000000,0x00000000a1d6c738,0x00000000a4080000)
 Metaspace       used 57622K, capacity 59004K, committed 59160K, reserved 1099776K
  class space    used 7882K, capacity 8269K, committed 8368K, reserved 1048576K
Event: 28.276 GC heap after
Heap after GC invocations=14 (full 3):
 PSYoungGen      total 187904K, used 0K [0x00000000e0000000, 0x00000000f2900000, 0x0000000100000000)
  eden space 173056K, 0% used [0x00000000e0000000,0x00000000e0000000,0x00000000ea900000)
  from space 14848K, 0% used [0x00000000ea900000,0x00000000ea900000,0x00000000eb780000)
  to   space 20480K, 0% used [0x00000000f1500000,0x00000000f1500000,0x00000000f2900000)
 ParOldGen       total 97792K, used 38116K [0x00000000a0000000, 0x00000000a5f80000, 0x00000000e0000000)
  object space 97792K, 38% used [0x00000000a0000000,0x00000000a2539240,0x00000000a5f80000)
 Metaspace       used 57622K, capacity 59004K, committed 59160K, reserved 1099776K
  class space    used 7882K, capacity 8269K, committed 8368K, reserved 1048576K
}
Event: 35.393 GC heap before
{Heap before GC invocations=15 (full 3):
 PSYoungGen      total 187904K, used 173056K [0x00000000e0000000, 0x00000000f2900000, 0x0000000100000000)
  eden space 173056K, 100% used [0x00000000e0000000,0x00000000ea900000,0x00000000ea900000)
  from space 14848K, 0% used [0x00000000ea900000,0x00000000ea900000,0x00000000eb780000)
  to   space 20480K, 0% used [0x00000000f1500000,0x00000000f1500000,0x00000000f2900000)
 ParOldGen       total 97792K, used 38116K [0x00000000a0000000, 0x00000000a5f80000, 0x00000000e0000000)
  object space 97792K, 38% used [0x00000000a0000000,0x00000000a2539240,0x00000000a5f80000)
 Metaspace       used 67443K, capacity 69026K, committed 69416K, reserved 1110016K
  class space    used 8944K, capacity 9394K, committed 9520K, reserved 1048576K
Event: 35.571 GC heap after
Heap after GC invocations=15 (full 3):
 PSYoungGen      total 265728K, used 12653K [0x00000000e0000000, 0x00000000f2180000, 0x0000000100000000)
  eden space 252928K, 0% used [0x00000000e0000000,0x00000000e0000000,0x00000000ef700000)
  from space 12800K, 98% used [0x00000000f1500000,0x00000000f215b588,0x00000000f2180000)
  to   space 20480K, 0% used [0x00000000ef980000,0x00000000ef980000,0x00000000f0d80000)
 ParOldGen       total 97792K, used 38124K [0x00000000a0000000, 0x00000000a5f80000, 0x00000000e0000000)
  object space 97792K, 38% used [0x00000000a0000000,0x00000000a253b240,0x00000000a5f80000)
 Metaspace       used 67443K, capacity 69026K, committed 69416K, reserved 1110016K
  class space    used 8944K, capacity 9394K, committed 9520K, reserved 1048576K
}
Event: 103.511 GC heap before
{Heap before GC invocations=16 (full 3):
 PSYoungGen      total 265728K, used 265581K [0x00000000e0000000, 0x00000000f2180000, 0x0000000100000000)
  eden space 252928K, 100% used [0x00000000e0000000,0x00000000ef700000,0x00000000ef700000)
  from space 12800K, 98% used [0x00000000f1500000,0x00000000f215b588,0x00000000f2180000)
  to   space 20480K, 0% used [0x00000000ef980000,0x00000000ef980000,0x00000000f0d80000)
 ParOldGen       total 97792K, used 38124K [0x00000000a0000000, 0x00000000a5f80000, 0x00000000e0000000)
  object space 97792K, 38% used [0x00000000a0000000,0x00000000a253b240,0x00000000a5f80000)
 Metaspace       used 92041K, capacity 94156K, committed 94504K, reserved 1132544K
  class space    used 11671K, capacity 12227K, committed 12336K, reserved 1048576K

